<?xml version="1.0" encoding="UTF-8"?>
<!-- Generated by org.testng.reporters.JUnitXMLReporter -->
<testsuite ignored="0" hostname="JOSHMACHINE" failures="0" tests="7" name="Default test" time="185.471" errors="0" timestamp="2020-11-06T19:47:49 IST">
  <testcase classname="com.ust.assignments.pomassignmentsTest.AmazonPOMTest" name="login" time="11.776"/>
  <testcase classname="com.ust.assignments.pomassignmentsTest.AmazonPOMTest" name="pageSelection" time="41.541"/>
  <testcase classname="com.ust.assignments.pomassignmentsTest.AmazonPOMTest" name="SelectingItem" time="21.245"/>
  <testcase classname="com.ust.assignments.pomassignmentsTest.AmazonPOMTest" name="AddToCartItem" time="25.252"/>
  <testcase classname="com.ust.assignments.pomassignmentsTest.AmazonPOMTest" name="categorySelectionSecondItem" time="15.756"/>
  <testcase classname="com.ust.assignments.pomassignmentsTest.AmazonPOMTest" name="SelectionSecondItem" time="24.98"/>
  <testcase classname="com.ust.assignments.pomassignmentsTest.AmazonPOMTest" name="signoutAndSignInAgain" time="18.727"/>
</testsuite> <!-- Default test -->
